-- STARTING --
- Play chord now...

Sample width: 2
Sample rate:  44100
Reading 16384 samples (0.371519 sec)
Nyquist frequency: 22050.000000 Hz
Fourier bin width: 1.345825 Hz

---
E2	 164.813778 Hz	 4.084943
---
F2	 174.614115 Hz	 3.928250
---
F♯2	 184.997211 Hz	 4.570802
---
G2	 195.997717 Hz	 5.857075
---
G♯2	 207.652348 Hz	 4.299620
---
A3	 219.999999 Hz	 4.302317
---
A♯3	 233.081880 Hz	 3.965006
---
B3	 246.941650 Hz	 5.388461
---
C3	 261.625565 Hz	 3.936502
---
C♯3	 277.182630 Hz	 4.168664
---
D3	 293.664767 Hz	 5.715901
---
D♯3	 311.126983 Hz	 4.273369
---
E3	 329.627556 Hz	 3.908031
---
F3	 349.228230 Hz	 3.367650
---
F♯3	 369.994422 Hz	 4.112590
---
G3	 391.995435 Hz	 5.029521
---
G♯3	 415.304696 Hz	 3.975488
---
A4	 439.999999 Hz	 4.329297
---
A♯4	 466.163760 Hz	 3.766872
---
B4	 493.883300 Hz	 4.378526
---
C4	 523.251129 Hz	 3.795377
---
C♯4	 554.365260 Hz	 3.475087
---
D4	 587.329534 Hz	 4.661734
---
D♯4	 622.253966 Hz	 3.881456
---
E4	 659.255112 Hz	 4.126855

===
Results:     D4 G3 B3 D3 G2


